<?xml version="1.0" encoding="UTF-8"?>
<!-- Generated by org.testng.reporters.JUnitReportReporter -->
<testsuite hostname="DESKTOP-2LN30KC" failures="0" tests="1" name="cucumberTest.TestRunner" time="80.084" errors="0" timestamp="12 Jan 2021 17:06:43 GMT">
  <testcase classname="cucumberTest.TestRunner" name="feature" time="80.084"/>
</testsuite> <!-- cucumberTest.TestRunner -->
