<?xml version="1.0" encoding="UTF-8"?>
<!-- Generated by org.testng.reporters.JUnitReportReporter -->
<testsuite hostname="DESKTOP-2LN30KC" failures="0" tests="1" name="cucumberTest.TestRunner" time="58.707" errors="0" timestamp="11 Jan 2021 14:29:32 GMT">
  <testcase classname="cucumberTest.TestRunner" name="feature" time="58.707"/>
</testsuite> <!-- cucumberTest.TestRunner -->
